Arguments: 
  C:\Program Files\nodejs\node.exe C:\Users\enric\AppData\Roaming\npm\node_modules\yarn\lib\cli add --peer --no-lockfile fp-ts@^2.13.1 @enrico-dgr/fp-ts-logger@../fp-ts-logger

PATH: 
  C:\Users\enric\AppData\Local\Temp\yarn--1682410964745-0.6007301419834175;C:\Users\enric\Documents\Projects\fp-ts-fs\node_modules\install-peers\node_modules\.bin;C:\Users\enric\AppData\Local\Yarn\Data\link\node_modules\.bin;C:\Users\enric\AppData\Local\Yarn\bin;C:\Program Files\libexec\lib\node_modules\npm\bin\node-gyp-bin;C:\Program Files\lib\node_modules\npm\bin\node-gyp-bin;C:\Program Files\nodejs\node_modules\npm\bin\node-gyp-bin;C:\Users\enric\OneDrive\Documents\cmder\bin;C:\Users\enric\OneDrive\Documents\cmder\vendor\bin;C:\Users\enric\OneDrive\Documents\cmder\vendor\conemu-maximus5\ConEmu\Scripts;C:\Users\enric\OneDrive\Documents\cmder\vendor\conemu-maximus5;C:\Users\enric\OneDrive\Documents\cmder\vendor\conemu-maximus5\ConEmu;C:\Windows\system32;C:\Windows;C:\Windows\System32\Wbem;C:\Windows\System32\WindowsPowerShell\v1.0\;C:\Windows\System32\OpenSSH\;C:\Program Files (x86)\NVIDIA Corporation\PhysX\Common;C:\Program Files\NVIDIA Corporation\NVIDIA NvDLISR;C:\Program Files\dotnet\;C:\Program Files\Git\cmd;C:\Program Files\nodejs\;C:\Program Files\Docker\Docker\resources\bin;C:\ProgramData\DockerDesktop\version-bin;C:\WINDOWS\system32;C:\WINDOWS;C:\WINDOWS\System32\Wbem;C:\WINDOWS\System32\WindowsPowerShell\v1.0\;C:\WINDOWS\System32\OpenSSH\;C:\Users\enric\AppData\Local\Microsoft\WindowsApps;C:\Users\enric\AppData\Roaming\npm;C:\Users\enric\AppData\Local\Programs\Microsoft VS Code\bin;;C:\Users\enric\OneDrive\Documents\cmder

Yarn version: 
  1.22.19

Node version: 
  16.16.0

Platform: 
  win32 x64

Trace: 
  Error: EBUSY: resource busy or locked, rmdir 'C:\Users\enric\Documents\Projects\fp-ts-fs\node_modules\install-peers'

npm manifest: 
  {
    "name": "@enrico-dgr/fp-ts-fs",
    "version": "1.0.0",
    "repository": "https://github.com/enrico-dgr/fp-ts-fs.git",
    "author": "enrico-dgr <enrico.digrazia98@gmail.com>",
    "license": "MIT",
    "private": false,
    "main": "src/index.ts",
    "module": "src/index.ts",
    "typings": "src/index.ts",
    "scripts": {
      "build": "tsc --build tsconfig.build.json && tsc --build tsconfig.build-es6.json",
      "postbuild": "ts-node ./scripts/buildPackageJson.ts"
    },
    "files": [
      "es6",
      "lib"
    ],
    "devDependencies": {
      "@types/node": "^18.14.0",
      "prettier": "^2.8.4",
      "ts-jest": "^29.0.5",
      "ts-node": "^10.9.1",
      "typescript": "^4.9.5"
    },
    "peerDependencies": {
      "fp-ts": "^2.13.1",
      "@enrico-dgr/fp-ts-logger": "../fp-ts-logger"
    }
  }

yarn manifest: 
  No manifest

Lockfile: 
  No lockfile
